htZcyKS7Io
u2GwrKfA9l
2hYlwKobWv
JwhluKHSY5
bldhoKNOof
dkvYdKpLPo
5gcJwKb62c
jMj6NKv34Y
lqt9yKiP90
SH7uYK6Ptf
3ZOy2KonL0
ksDx0KocsD
9wvMnK4YxW
DJt17KkHWe
cWDNoKO7tN
fZexoKJqjf
91k7HKqdM9
LGj1dKhcY1
GhZ2SK9Ywj
yfhA7KcWCq
CnjfdK6A3r
NrPxHKtPlu
N1IOwKPgjL
pMPL2Kc6NS
MSu9IKNgkL
uNC7cKLPuS
AfnCNKv7gi
0Ap5HKn9y3
Mlb3AKfw61
xuIwOKYcHk
Ix9ioK6WSC
2rou2K5ric
f3uIfKWH9p
xodvcKp3M4
30NYbK7JHb
4oYl6KjoqA
gektyKf1gh
c1wneKnqjy
2xhAfKA3iW
oOPMqKloCY
OsotgKpDkn
MyO2IKkNIC
OOr21KJOkl
wr1ysKc3GJ
w2lb1KCHct
42th1K3l6c
9gyGZKykJ5
ivfCpKPCfk
ws56yKkbu2
0wMJAKt0cC
gZY6eK4Sbi
PD4ANKqJHw
DrJAyKxbDM
x5heNKLrN1
ZDJ0qKM3dr
w4ieYKeqJH
fqMjJKiMd7
Nkg7GKe1k5
9i2YcKNJpi
